<?xml version="1.0" encoding="UTF-8"?>
<testng-results skipped="0" failed="0" ignored="0" total="1" passed="1">
  <reporter-output>
  </reporter-output>
  <suite name="eBanking" duration-ms="19150" started-at="2021-12-03T08:20:28Z" finished-at="2021-12-03T08:20:47Z">
    <groups>
    </groups>
    <test name="BankingApp Test" duration-ms="19150" started-at="2021-12-03T08:20:28Z" finished-at="2021-12-03T08:20:47Z">
      <class name="com.qa.testcases.TC_ADDCustomer_003">
        <test-method status="PASS" signature="setup(java.lang.String)[pri:0, instance:com.qa.testcases.TC_ADDCustomer_003@dd3b207]" name="setup" is-config="true" duration-ms="6444" started-at="2021-12-03T08:20:28Z" finished-at="2021-12-03T08:20:35Z">
          <params>
            <param index="0">
              <value>
                <![CDATA[chrome]]>
              </value>
            </param>
          </params>
          <reporter-output>
          </reporter-output>
        </test-method> <!-- setup -->
        <test-method status="PASS" signature="addNewCustomer()[pri:0, instance:com.qa.testcases.TC_ADDCustomer_003@dd3b207]" name="addNewCustomer" duration-ms="12506" started-at="2021-12-03T08:20:35Z" finished-at="2021-12-03T08:20:47Z">
          <reporter-output>
          </reporter-output>
        </test-method> <!-- addNewCustomer -->
        <test-method status="PASS" signature="teardown()[pri:0, instance:com.qa.testcases.TC_ADDCustomer_003@dd3b207]" name="teardown" is-config="true" duration-ms="0" started-at="2021-12-03T08:20:47Z" finished-at="2021-12-03T08:20:47Z">
          <reporter-output>
          </reporter-output>
        </test-method> <!-- teardown -->
      </class> <!-- com.qa.testcases.TC_ADDCustomer_003 -->
    </test> <!-- BankingApp Test -->
  </suite> <!-- eBanking -->
</testng-results>
