<?xml version="1.0" encoding="UTF-8"?>
<testng-results ignored="0" total="1" passed="1" failed="0" skipped="0">
  <reporter-output>
  </reporter-output>
  <suite started-at="2021-12-02T12:46:56 IST" name="eBanking" finished-at="2021-12-02T12:47:15 IST" duration-ms="18653">
    <groups>
    </groups>
    <test started-at="2021-12-02T12:46:56 IST" name="BankingApp Test" finished-at="2021-12-02T12:47:15 IST" duration-ms="18653">
      <class name="com.qa.testcases.TC_ADDCustomer_003">
        <test-method is-config="true" signature="setup(java.lang.String)[pri:0, instance:com.qa.testcases.TC_ADDCustomer_003@12aba8be]" started-at="2021-12-02T12:46:57 IST" name="setup" finished-at="2021-12-02T12:47:02 IST" duration-ms="5786" status="PASS">
          <params>
            <param index="0">
              <value>
                <![CDATA[chrome]]>
              </value>
            </param>
          </params>
          <reporter-output>
          </reporter-output>
        </test-method> <!-- setup -->
        <test-method signature="addNewCustomer()[pri:0, instance:com.qa.testcases.TC_ADDCustomer_003@12aba8be]" started-at="2021-12-02T12:47:02 IST" name="addNewCustomer" finished-at="2021-12-02T12:47:15 IST" duration-ms="12406" status="PASS">
          <reporter-output>
          </reporter-output>
        </test-method> <!-- addNewCustomer -->
        <test-method is-config="true" signature="teardown()[pri:0, instance:com.qa.testcases.TC_ADDCustomer_003@12aba8be]" started-at="2021-12-02T12:47:15 IST" name="teardown" finished-at="2021-12-02T12:47:15 IST" duration-ms="1" status="PASS">
          <reporter-output>
          </reporter-output>
        </test-method> <!-- teardown -->
      </class> <!-- com.qa.testcases.TC_ADDCustomer_003 -->
    </test> <!-- BankingApp Test -->
  </suite> <!-- eBanking -->
</testng-results>
